<?xml version="1.0" encoding="UTF-8"?>
<robot generator="Robot 7.3.2 (Python 3.12.3 on linux)" generated="2025-11-17T23:41:59.592633" rpa="false" schemaversion="5">
<suite id="s1" name="Register" source="/home/suokkeer/palautusrepositorio/viikko3/login/src/tests/register.robot">
<kw name="Open And Configure Browser" owner="resource" type="SETUP">
<if>
<branch type="IF" condition="$BROWSER == 'chrome'">
<kw name="Evaluate" owner="BuiltIn">
<msg time="2025-11-17T23:41:59.759584" level="INFO">${options} = &lt;selenium.webdriver.chrome.options.Options object at 0x76bec2b298e0&gt;</msg>
<var>${options}</var>
<arg>sys.modules['selenium.webdriver'].ChromeOptions()</arg>
<arg>sys</arg>
<doc>Evaluates the given expression in Python and returns the result.</doc>
<status status="PASS" start="2025-11-17T23:41:59.759093" elapsed="0.000552"/>
</kw>
<kw name="Call Method" owner="BuiltIn">
<arg>${options}</arg>
<arg>add_argument</arg>
<arg>--incognito</arg>
<doc>Calls the named method of the given object with the provided arguments.</doc>
<status status="PASS" start="2025-11-17T23:41:59.759856" elapsed="0.000213"/>
</kw>
<status status="PASS" start="2025-11-17T23:41:59.758300" elapsed="0.001848"/>
</branch>
<branch type="ELSE IF" condition="$BROWSER == 'firefox'">
<kw name="Evaluate" owner="BuiltIn">
<var>${options}</var>
<arg>sys.modules['selenium.webdriver'].FirefoxOptions()</arg>
<arg>sys</arg>
<doc>Evaluates the given expression in Python and returns the result.</doc>
<status status="NOT RUN" start="2025-11-17T23:41:59.760390" elapsed="0.000033"/>
</kw>
<kw name="Call Method" owner="BuiltIn">
<arg>${options}</arg>
<arg>add_argument</arg>
<arg>--private-window</arg>
<doc>Calls the named method of the given object with the provided arguments.</doc>
<status status="NOT RUN" start="2025-11-17T23:41:59.760525" elapsed="0.000028"/>
</kw>
<status status="NOT RUN" start="2025-11-17T23:41:59.760244" elapsed="0.000357"/>
</branch>
<status status="PASS" start="2025-11-17T23:41:59.758252" elapsed="0.002390"/>
</if>
<if>
<branch type="IF" condition="$HEADLESS == 'true'">
<kw name="Set Selenium Speed" owner="SeleniumLibrary">
<arg>0.05 seconds</arg>
<doc>Sets the delay that is waited after each Selenium command.</doc>
<status status="NOT RUN" start="2025-11-17T23:41:59.760944" elapsed="0.000027"/>
</kw>
<kw name="Call Method" owner="BuiltIn">
<arg>${options}</arg>
<arg>add_argument</arg>
<arg>--headless</arg>
<doc>Calls the named method of the given object with the provided arguments.</doc>
<status status="NOT RUN" start="2025-11-17T23:41:59.761060" elapsed="0.000266"/>
</kw>
<status status="NOT RUN" start="2025-11-17T23:41:59.760714" elapsed="0.000675"/>
</branch>
<branch type="ELSE">
<kw name="Set Selenium Speed" owner="SeleniumLibrary">
<arg>${DELAY}</arg>
<doc>Sets the delay that is waited after each Selenium command.</doc>
<status status="PASS" start="2025-11-17T23:41:59.761556" elapsed="0.000305"/>
</kw>
<status status="PASS" start="2025-11-17T23:41:59.761433" elapsed="0.000480"/>
</branch>
<status status="PASS" start="2025-11-17T23:41:59.760696" elapsed="0.001255"/>
</if>
<kw name="Open Browser" owner="SeleniumLibrary">
<msg time="2025-11-17T23:41:59.762391" level="INFO">Opening browser 'chrome' to base url 'None'.</msg>
<arg>browser=${BROWSER}</arg>
<arg>options=${options}</arg>
<doc>Opens a new browser instance to the optional ``url``.</doc>
<status status="PASS" start="2025-11-17T23:41:59.762073" elapsed="0.592148"/>
</kw>
<status status="PASS" start="2025-11-17T23:41:59.758006" elapsed="0.596430"/>
</kw>
<test id="s1-t1" name="Register With Too Short Username And Valid Password" line="16">
<kw name="Reset Application Create User And Go To Register Page" type="SETUP">
<kw name="Reset Application" owner="AppLibrary">
<status status="PASS" start="2025-11-17T23:42:00.355898" elapsed="0.007458"/>
</kw>
<kw name="Create User" owner="AppLibrary">
<arg>kalle</arg>
<arg>kalle123</arg>
<status status="PASS" start="2025-11-17T23:42:00.363727" elapsed="0.021917"/>
</kw>
<kw name="Go To Register Page" owner="resource">
<kw name="Go To" owner="SeleniumLibrary">
<msg time="2025-11-17T23:42:00.387938" level="INFO">Opening url 'http://localhost:5001/register'</msg>
<arg>${REGISTER_URL}</arg>
<doc>Navigates the current browser window to the provided ``url``.</doc>
<status status="PASS" start="2025-11-17T23:42:00.387423" elapsed="0.624731"/>
</kw>
<status status="PASS" start="2025-11-17T23:42:00.386473" elapsed="0.626692"/>
</kw>
<status status="PASS" start="2025-11-17T23:42:00.355433" elapsed="0.658122"/>
</kw>
<kw name="Set Username">
<kw name="Input Text" owner="SeleniumLibrary">
<msg time="2025-11-17T23:42:01.016793" level="INFO">Typing text 'pal' into text field 'username'.</msg>
<arg>username</arg>
<arg>${username}</arg>
<doc>Types the given ``text`` into the text field identified by ``locator``.</doc>
<status status="PASS" start="2025-11-17T23:42:01.015286" elapsed="1.665783"/>
</kw>
<arg>pal</arg>
<status status="PASS" start="2025-11-17T23:42:01.014340" elapsed="1.667177"/>
</kw>
<kw name="Set Password">
<kw name="Input Password" owner="SeleniumLibrary">
<msg time="2025-11-17T23:42:02.683722" level="INFO">Typing password into text field 'password'.</msg>
<msg time="2025-11-17T23:42:03.746627" level="INFO">Temporally setting log level to: NONE</msg>
<arg>password</arg>
<arg>${password}</arg>
<doc>Types the given password into the text field identified by ``locator``.</doc>
<status status="PASS" start="2025-11-17T23:42:02.683139" elapsed="1.642437"/>
</kw>
<arg>palle123</arg>
<status status="PASS" start="2025-11-17T23:42:02.682243" elapsed="1.643799"/>
</kw>
<kw name="Set Password Confirmation">
<kw name="Input Password" owner="SeleniumLibrary">
<msg time="2025-11-17T23:42:04.328843" level="INFO">Typing password into text field 'password_confirmation'.</msg>
<msg time="2025-11-17T23:42:05.395812" level="INFO">Temporally setting log level to: NONE</msg>
<arg>password_confirmation</arg>
<arg>${password_confirmation}</arg>
<doc>Types the given password into the text field identified by ``locator``.</doc>
<status status="PASS" start="2025-11-17T23:42:04.328038" elapsed="1.638043"/>
</kw>
<arg>palle123</arg>
<status status="PASS" start="2025-11-17T23:42:04.327021" elapsed="1.639587"/>
</kw>
<kw name="Click Button" owner="SeleniumLibrary">
<msg time="2025-11-17T23:42:05.967830" level="INFO">Clicking button 'Register'.</msg>
<arg>Register</arg>
<doc>Clicks the button identified by ``locator``.</doc>
<status status="PASS" start="2025-11-17T23:42:05.967297" elapsed="2.161306"/>
</kw>
<kw name="Register Should Fail With Message">
<kw name="Login Page Should Be Open" owner="resource">
<kw name="Title Should Be" owner="SeleniumLibrary">
<msg time="2025-11-17T23:42:09.376603" level="INFO" html="true">&lt;/td&gt;&lt;/tr&gt;&lt;tr&gt;&lt;td colspan="3"&gt;&lt;a href="selenium-screenshot-5.png"&gt;&lt;img src="selenium-screenshot-5.png" width="800px"&gt;&lt;/a&gt;</msg>
<msg time="2025-11-17T23:42:09.377171" level="FAIL">Title should have been 'Login' but was 'Welcome to Ohtu Application!'.</msg>
<arg>Login</arg>
<doc>Verifies that the current page title equals ``title``.</doc>
<status status="FAIL" start="2025-11-17T23:42:08.131564" elapsed="1.248087">Title should have been 'Login' but was 'Welcome to Ohtu Application!'.</status>
</kw>
<status status="FAIL" start="2025-11-17T23:42:08.130951" elapsed="1.249200">Title should have been 'Login' but was 'Welcome to Ohtu Application!'.</status>
</kw>
<kw name="Page Should Contain" owner="SeleniumLibrary">
<arg>${message}</arg>
<doc>Verifies that current page contains ``text``.</doc>
<status status="NOT RUN" start="2025-11-17T23:42:09.380568" elapsed="0.000100"/>
</kw>
<arg>Username too short</arg>
<status status="FAIL" start="2025-11-17T23:42:08.129881" elapsed="1.251007">Title should have been 'Login' but was 'Welcome to Ohtu Application!'.</status>
</kw>
<status status="FAIL" start="2025-11-17T23:42:00.354590" elapsed="9.026611">Title should have been 'Login' but was 'Welcome to Ohtu Application!'.</status>
</test>
<kw name="Close Browser" owner="SeleniumLibrary" type="TEARDOWN">
<doc>Closes the current browser.</doc>
<status status="PASS" start="2025-11-17T23:42:09.381788" elapsed="0.596713"/>
</kw>
<status status="FAIL" start="2025-11-17T23:41:59.593664" elapsed="10.385019"/>
</suite>
<statistics>
<total>
<stat pass="0" fail="1" skip="0">All Tests</stat>
</total>
<tag>
</tag>
<suite>
<stat name="Register" id="s1" pass="0" fail="1" skip="0">Register</stat>
</suite>
</statistics>
<errors>
</errors>
</robot>
